<?xml version="1.0" encoding="UTF-8"?>
<testsuite xmlns:xsi="http://www.w3.org/2001/XMLSchema-instance" xsi:noNamespaceSchemaLocation="https://maven.apache.org/surefire/maven-surefire-plugin/xsd/surefire-test-report-3.0.xsd" version="3.0" name="fr.pantheonsorbonne.miage.engine.DameDePiqueEngineTest" time="0.015" tests="6" errors="2" skipped="0" failures="0">
  <properties>
    <property name="java.specification.version" value="21"/>
    <property name="sun.jnu.encoding" value="UTF-8"/>
    <property name="java.class.path" value="/Users/marlenaxynou/Desktop/L3_POO_DAME_DE_PIQUE/target/test-classes:/Users/marlenaxynou/Desktop/L3_POO_DAME_DE_PIQUE/target/classes:/Users/marlenaxynou/.m2/repository/org/junit/jupiter/junit-jupiter/5.11.3/junit-jupiter-5.11.3.jar:/Users/marlenaxynou/.m2/repository/org/junit/jupiter/junit-jupiter-api/5.11.3/junit-jupiter-api-5.11.3.jar:/Users/marlenaxynou/.m2/repository/org/opentest4j/opentest4j/1.3.0/opentest4j-1.3.0.jar:/Users/marlenaxynou/.m2/repository/org/junit/platform/junit-platform-commons/1.11.3/junit-platform-commons-1.11.3.jar:/Users/marlenaxynou/.m2/repository/org/apiguardian/apiguardian-api/1.1.2/apiguardian-api-1.1.2.jar:/Users/marlenaxynou/.m2/repository/org/junit/jupiter/junit-jupiter-params/5.11.3/junit-jupiter-params-5.11.3.jar:/Users/marlenaxynou/.m2/repository/org/junit/jupiter/junit-jupiter-engine/5.11.3/junit-jupiter-engine-5.11.3.jar:/Users/marlenaxynou/.m2/repository/org/junit/platform/junit-platform-engine/1.11.3/junit-platform-engine-1.11.3.jar:/Users/marlenaxynou/.m2/repository/fr/pantheonsorbonne/miage/poo-player/1.0.0-SNAPSHOT/poo-player-1.0.0-SNAPSHOT.jar:/Users/marlenaxynou/.m2/repository/org/apache/camel/camel-core/3.19.0/camel-core-3.19.0.jar:/Users/marlenaxynou/.m2/repository/org/apache/camel/camel-core-engine/3.19.0/camel-core-engine-3.19.0.jar:/Users/marlenaxynou/.m2/repository/org/apache/camel/camel-base-engine/3.19.0/camel-base-engine-3.19.0.jar:/Users/marlenaxynou/.m2/repository/org/apache/camel/camel-core-reifier/3.19.0/camel-core-reifier-3.19.0.jar:/Users/marlenaxynou/.m2/repository/org/apache/camel/camel-core-processor/3.19.0/camel-core-processor-3.19.0.jar:/Users/marlenaxynou/.m2/repository/org/apache/camel/camel-core-languages/3.19.0/camel-core-languages-3.19.0.jar:/Users/marlenaxynou/.m2/repository/org/apache/camel/camel-core-model/3.19.0/camel-core-model-3.19.0.jar:/Users/marlenaxynou/.m2/repository/org/apache/camel/camel-bean/3.19.0/camel-bean-3.19.0.jar:/Users/marlenaxynou/.m2/repository/org/apache/camel/camel-browse/3.19.0/camel-browse-3.19.0.jar:/Users/marlenaxynou/.m2/repository/org/apache/camel/camel-cluster/3.19.0/camel-cluster-3.19.0.jar:/Users/marlenaxynou/.m2/repository/org/apache/camel/camel-controlbus/3.19.0/camel-controlbus-3.19.0.jar:/Users/marlenaxynou/.m2/repository/org/apache/camel/camel-dataformat/3.19.0/camel-dataformat-3.19.0.jar:/Users/marlenaxynou/.m2/repository/org/apache/camel/camel-dataset/3.19.0/camel-dataset-3.19.0.jar:/Users/marlenaxynou/.m2/repository/org/apache/camel/camel-direct/3.19.0/camel-direct-3.19.0.jar:/Users/marlenaxynou/.m2/repository/org/apache/camel/camel-directvm/3.19.0/camel-directvm-3.19.0.jar:/Users/marlenaxynou/.m2/repository/org/apache/camel/camel-file/3.19.0/camel-file-3.19.0.jar:/Users/marlenaxynou/.m2/repository/org/apache/camel/camel-health/3.19.0/camel-health-3.19.0.jar:/Users/marlenaxynou/.m2/repository/org/apache/camel/camel-language/3.19.0/camel-language-3.19.0.jar:/Users/marlenaxynou/.m2/repository/org/apache/camel/camel-log/3.19.0/camel-log-3.19.0.jar:/Users/marlenaxynou/.m2/repository/org/apache/camel/camel-mock/3.19.0/camel-mock-3.19.0.jar:/Users/marlenaxynou/.m2/repository/org/apache/camel/camel-ref/3.19.0/camel-ref-3.19.0.jar:/Users/marlenaxynou/.m2/repository/org/apache/camel/camel-rest/3.19.0/camel-rest-3.19.0.jar:/Users/marlenaxynou/.m2/repository/org/apache/camel/camel-tooling-model/3.19.0/camel-tooling-model-3.19.0.jar:/Users/marlenaxynou/.m2/repository/org/apache/camel/camel-saga/3.19.0/camel-saga-3.19.0.jar:/Users/marlenaxynou/.m2/repository/org/apache/camel/camel-scheduler/3.19.0/camel-scheduler-3.19.0.jar:/Users/marlenaxynou/.m2/repository/org/apache/camel/camel-seda/3.19.0/camel-seda-3.19.0.jar:/Users/marlenaxynou/.m2/repository/org/apache/camel/camel-stub/3.19.0/camel-stub-3.19.0.jar:/Users/marlenaxynou/.m2/repository/org/apache/camel/camel-validator/3.19.0/camel-validator-3.19.0.jar:/Users/marlenaxynou/.m2/repository/org/apache/camel/camel-vm/3.19.0/camel-vm-3.19.0.jar:/Users/marlenaxynou/.m2/repository/org/apache/camel/camel-xpath/3.19.0/camel-xpath-3.19.0.jar:/Users/marlenaxynou/.m2/repository/org/apache/camel/camel-xslt/3.19.0/camel-xslt-3.19.0.jar:/Users/marlenaxynou/.m2/repository/org/apache/camel/camel-xml-jaxb/3.19.0/camel-xml-jaxb-3.19.0.jar:/Users/marlenaxynou/.m2/repository/jakarta/xml/bind/jakarta.xml.bind-api/2.3.3/jakarta.xml.bind-api-2.3.3.jar:/Users/marlenaxynou/.m2/repository/jakarta/activation/jakarta.activation-api/1.2.2/jakarta.activation-api-1.2.2.jar:/Users/marlenaxynou/.m2/repository/com/sun/xml/bind/jaxb-core/2.3.0/jaxb-core-2.3.0.jar:/Users/marlenaxynou/.m2/repository/com/sun/xml/bind/jaxb-impl/2.3.3/jaxb-impl-2.3.3.jar:/Users/marlenaxynou/.m2/repository/com/sun/activation/jakarta.activation/1.2.2/jakarta.activation-1.2.2.jar:/Users/marlenaxynou/.m2/repository/org/apache/camel/camel-xml-jaxp/3.19.0/camel-xml-jaxp-3.19.0.jar:/Users/marlenaxynou/.m2/repository/org/apache/camel/camel-xml-io-util/3.19.0/camel-xml-io-util-3.19.0.jar:/Users/marlenaxynou/.m2/repository/org/slf4j/slf4j-api/1.7.36/slf4j-api-1.7.36.jar:/Users/marlenaxynou/.m2/repository/org/apache/camel/camel-main/3.19.0/camel-main-3.19.0.jar:/Users/marlenaxynou/.m2/repository/org/apache/camel/camel-api/3.19.0/camel-api-3.19.0.jar:/Users/marlenaxynou/.m2/repository/org/apache/camel/camel-base/3.19.0/camel-base-3.19.0.jar:/Users/marlenaxynou/.m2/repository/org/apache/camel/camel-management-api/3.19.0/camel-management-api-3.19.0.jar:/Users/marlenaxynou/.m2/repository/org/apache/camel/camel-support/3.19.0/camel-support-3.19.0.jar:/Users/marlenaxynou/.m2/repository/org/apache/camel/camel-util/3.19.0/camel-util-3.19.0.jar:/Users/marlenaxynou/.m2/repository/org/apache/camel/camel-jms/3.19.0/camel-jms-3.19.0.jar:/Users/marlenaxynou/.m2/repository/org/apache/camel/camel-spring/3.19.0/camel-spring-3.19.0.jar:/Users/marlenaxynou/.m2/repository/org/springframework/spring-core/5.3.23/spring-core-5.3.23.jar:/Users/marlenaxynou/.m2/repository/org/springframework/spring-jcl/5.3.23/spring-jcl-5.3.23.jar:/Users/marlenaxynou/.m2/repository/org/springframework/spring-aop/5.3.23/spring-aop-5.3.23.jar:/Users/marlenaxynou/.m2/repository/org/springframework/spring-expression/5.3.23/spring-expression-5.3.23.jar:/Users/marlenaxynou/.m2/repository/org/springframework/spring-jms/5.3.23/spring-jms-5.3.23.jar:/Users/marlenaxynou/.m2/repository/org/springframework/spring-messaging/5.3.23/spring-messaging-5.3.23.jar:/Users/marlenaxynou/.m2/repository/org/springframework/spring-context/5.3.23/spring-context-5.3.23.jar:/Users/marlenaxynou/.m2/repository/org/springframework/spring-tx/5.3.23/spring-tx-5.3.23.jar:/Users/marlenaxynou/.m2/repository/org/springframework/spring-beans/5.3.23/spring-beans-5.3.23.jar:/Users/marlenaxynou/.m2/repository/org/apache/geronimo/specs/geronimo-jms_2.0_spec/1.0-alpha-2/geronimo-jms_2.0_spec-1.0-alpha-2.jar:/Users/marlenaxynou/.m2/repository/org/apache/camel/camel-timer/3.19.0/camel-timer-3.19.0.jar:/Users/marlenaxynou/.m2/repository/org/apache/activemq/artemis-jms-client/2.26.0/artemis-jms-client-2.26.0.jar:/Users/marlenaxynou/.m2/repository/org/apache/activemq/artemis-core-client/2.26.0/artemis-core-client-2.26.0.jar:/Users/marlenaxynou/.m2/repository/org/jgroups/jgroups/5.2.0.Final/jgroups-5.2.0.Final.jar:/Users/marlenaxynou/.m2/repository/io/netty/netty-transport-native-epoll/4.1.79.Final/netty-transport-native-epoll-4.1.79.Final-linux-x86_64.jar:/Users/marlenaxynou/.m2/repository/io/netty/netty-transport-native-unix-common/4.1.79.Final/netty-transport-native-unix-common-4.1.79.Final.jar:/Users/marlenaxynou/.m2/repository/io/netty/netty-transport-classes-epoll/4.1.79.Final/netty-transport-classes-epoll-4.1.79.Final.jar:/Users/marlenaxynou/.m2/repository/io/netty/netty-transport-native-kqueue/4.1.79.Final/netty-transport-native-kqueue-4.1.79.Final-osx-x86_64.jar:/Users/marlenaxynou/.m2/repository/io/netty/netty-transport-classes-kqueue/4.1.79.Final/netty-transport-classes-kqueue-4.1.79.Final.jar:/Users/marlenaxynou/.m2/repository/io/netty/netty-codec-http/4.1.79.Final/netty-codec-http-4.1.79.Final.jar:/Users/marlenaxynou/.m2/repository/io/netty/netty-buffer/4.1.79.Final/netty-buffer-4.1.79.Final.jar:/Users/marlenaxynou/.m2/repository/io/netty/netty-transport/4.1.79.Final/netty-transport-4.1.79.Final.jar:/Users/marlenaxynou/.m2/repository/io/netty/netty-resolver/4.1.79.Final/netty-resolver-4.1.79.Final.jar:/Users/marlenaxynou/.m2/repository/io/netty/netty-handler/4.1.79.Final/netty-handler-4.1.79.Final.jar:/Users/marlenaxynou/.m2/repository/io/netty/netty-handler-proxy/4.1.79.Final/netty-handler-proxy-4.1.79.Final.jar:/Users/marlenaxynou/.m2/repository/io/netty/netty-codec/4.1.79.Final/netty-codec-4.1.79.Final.jar:/Users/marlenaxynou/.m2/repository/io/netty/netty-codec-socks/4.1.79.Final/netty-codec-socks-4.1.79.Final.jar:/Users/marlenaxynou/.m2/repository/io/netty/netty-common/4.1.79.Final/netty-common-4.1.79.Final.jar:/Users/marlenaxynou/.m2/repository/org/apache/activemq/artemis-commons/2.26.0/artemis-commons-2.26.0.jar:/Users/marlenaxynou/.m2/repository/org/jboss/logging/jboss-logging/3.5.0.Final/jboss-logging-3.5.0.Final.jar:/Users/marlenaxynou/.m2/repository/commons-beanutils/commons-beanutils/1.9.4/commons-beanutils-1.9.4.jar:/Users/marlenaxynou/.m2/repository/commons-logging/commons-logging/1.2/commons-logging-1.2.jar:/Users/marlenaxynou/.m2/repository/commons-collections/commons-collections/3.2.2/commons-collections-3.2.2.jar:/Users/marlenaxynou/.m2/repository/org/apache/activemq/artemis-selector/2.26.0/artemis-selector-2.26.0.jar:/Users/marlenaxynou/.m2/repository/jakarta/jms/jakarta.jms-api/2.0.3/jakarta.jms-api-2.0.3.jar:/Users/marlenaxynou/.m2/repository/org/apache/logging/log4j/log4j-api/2.19.0/log4j-api-2.19.0.jar:/Users/marlenaxynou/.m2/repository/org/apache/logging/log4j/log4j-core/2.19.0/log4j-core-2.19.0.jar:/Users/marlenaxynou/.m2/repository/org/apache/logging/log4j/log4j-slf4j-impl/2.19.0/log4j-slf4j-impl-2.19.0.jar:/Users/marlenaxynou/.m2/repository/org/apache/logging/log4j/log4j-jul/2.19.0/log4j-jul-2.19.0.jar:/Users/marlenaxynou/.m2/repository/com/google/guava/guava/31.1-jre/guava-31.1-jre.jar:/Users/marlenaxynou/.m2/repository/com/google/guava/failureaccess/1.0.1/failureaccess-1.0.1.jar:/Users/marlenaxynou/.m2/repository/com/google/guava/listenablefuture/9999.0-empty-to-avoid-conflict-with-guava/listenablefuture-9999.0-empty-to-avoid-conflict-with-guava.jar:/Users/marlenaxynou/.m2/repository/com/google/code/findbugs/jsr305/3.0.2/jsr305-3.0.2.jar:/Users/marlenaxynou/.m2/repository/org/checkerframework/checker-qual/3.12.0/checker-qual-3.12.0.jar:/Users/marlenaxynou/.m2/repository/com/google/errorprone/error_prone_annotations/2.11.0/error_prone_annotations-2.11.0.jar:/Users/marlenaxynou/.m2/repository/com/google/j2objc/j2objc-annotations/1.3/j2objc-annotations-1.3.jar:/Users/marlenaxynou/.m2/repository/com/github/ben-manes/caffeine/caffeine/3.1.1/caffeine-3.1.1.jar:/Users/marlenaxynou/.m2/repository/org/apache/camel/camel-console/3.19.0/camel-console-3.19.0.jar:/Users/marlenaxynou/.m2/repository/org/apache/camel/camel-util-json/3.19.0/camel-util-json-3.19.0.jar:/Users/marlenaxynou/.m2/repository/org/apache/camel/camel-jackson/3.19.0/camel-jackson-3.19.0.jar:/Users/marlenaxynou/.m2/repository/com/fasterxml/jackson/core/jackson-databind/2.13.4/jackson-databind-2.13.4.jar:/Users/marlenaxynou/.m2/repository/com/fasterxml/jackson/core/jackson-annotations/2.13.4/jackson-annotations-2.13.4.jar:/Users/marlenaxynou/.m2/repository/com/fasterxml/jackson/core/jackson-core/2.13.4/jackson-core-2.13.4.jar:"/>
    <property name="java.vm.vendor" value="Homebrew"/>
    <property name="sun.arch.data.model" value="64"/>
    <property name="java.vendor.url" value="https://github.com/Homebrew/homebrew-core/issues"/>
    <property name="os.name" value="Mac OS X"/>
    <property name="java.vm.specification.version" value="21"/>
    <property name="sun.java.launcher" value="SUN_STANDARD"/>
    <property name="user.country" value="GR"/>
    <property name="sun.boot.library.path" value="/opt/homebrew/Cellar/openjdk/21/libexec/openjdk.jdk/Contents/Home/lib"/>
    <property name="sun.java.command" value="/Users/marlenaxynou/Desktop/L3_POO_DAME_DE_PIQUE/target/surefire/surefirebooter12131626453369569642.jar /Users/marlenaxynou/Desktop/L3_POO_DAME_DE_PIQUE/target/surefire 2024-12-18T21-36-57_407-jvmRun1 surefire4307044254017329096tmp surefire_05242628693607950182tmp"/>
    <property name="jdk.debug" value="release"/>
    <property name="surefire.test.class.path" value="/Users/marlenaxynou/Desktop/L3_POO_DAME_DE_PIQUE/target/test-classes:/Users/marlenaxynou/Desktop/L3_POO_DAME_DE_PIQUE/target/classes:/Users/marlenaxynou/.m2/repository/org/junit/jupiter/junit-jupiter/5.11.3/junit-jupiter-5.11.3.jar:/Users/marlenaxynou/.m2/repository/org/junit/jupiter/junit-jupiter-api/5.11.3/junit-jupiter-api-5.11.3.jar:/Users/marlenaxynou/.m2/repository/org/opentest4j/opentest4j/1.3.0/opentest4j-1.3.0.jar:/Users/marlenaxynou/.m2/repository/org/junit/platform/junit-platform-commons/1.11.3/junit-platform-commons-1.11.3.jar:/Users/marlenaxynou/.m2/repository/org/apiguardian/apiguardian-api/1.1.2/apiguardian-api-1.1.2.jar:/Users/marlenaxynou/.m2/repository/org/junit/jupiter/junit-jupiter-params/5.11.3/junit-jupiter-params-5.11.3.jar:/Users/marlenaxynou/.m2/repository/org/junit/jupiter/junit-jupiter-engine/5.11.3/junit-jupiter-engine-5.11.3.jar:/Users/marlenaxynou/.m2/repository/org/junit/platform/junit-platform-engine/1.11.3/junit-platform-engine-1.11.3.jar:/Users/marlenaxynou/.m2/repository/fr/pantheonsorbonne/miage/poo-player/1.0.0-SNAPSHOT/poo-player-1.0.0-SNAPSHOT.jar:/Users/marlenaxynou/.m2/repository/org/apache/camel/camel-core/3.19.0/camel-core-3.19.0.jar:/Users/marlenaxynou/.m2/repository/org/apache/camel/camel-core-engine/3.19.0/camel-core-engine-3.19.0.jar:/Users/marlenaxynou/.m2/repository/org/apache/camel/camel-base-engine/3.19.0/camel-base-engine-3.19.0.jar:/Users/marlenaxynou/.m2/repository/org/apache/camel/camel-core-reifier/3.19.0/camel-core-reifier-3.19.0.jar:/Users/marlenaxynou/.m2/repository/org/apache/camel/camel-core-processor/3.19.0/camel-core-processor-3.19.0.jar:/Users/marlenaxynou/.m2/repository/org/apache/camel/camel-core-languages/3.19.0/camel-core-languages-3.19.0.jar:/Users/marlenaxynou/.m2/repository/org/apache/camel/camel-core-model/3.19.0/camel-core-model-3.19.0.jar:/Users/marlenaxynou/.m2/repository/org/apache/camel/camel-bean/3.19.0/camel-bean-3.19.0.jar:/Users/marlenaxynou/.m2/repository/org/apache/camel/camel-browse/3.19.0/camel-browse-3.19.0.jar:/Users/marlenaxynou/.m2/repository/org/apache/camel/camel-cluster/3.19.0/camel-cluster-3.19.0.jar:/Users/marlenaxynou/.m2/repository/org/apache/camel/camel-controlbus/3.19.0/camel-controlbus-3.19.0.jar:/Users/marlenaxynou/.m2/repository/org/apache/camel/camel-dataformat/3.19.0/camel-dataformat-3.19.0.jar:/Users/marlenaxynou/.m2/repository/org/apache/camel/camel-dataset/3.19.0/camel-dataset-3.19.0.jar:/Users/marlenaxynou/.m2/repository/org/apache/camel/camel-direct/3.19.0/camel-direct-3.19.0.jar:/Users/marlenaxynou/.m2/repository/org/apache/camel/camel-directvm/3.19.0/camel-directvm-3.19.0.jar:/Users/marlenaxynou/.m2/repository/org/apache/camel/camel-file/3.19.0/camel-file-3.19.0.jar:/Users/marlenaxynou/.m2/repository/org/apache/camel/camel-health/3.19.0/camel-health-3.19.0.jar:/Users/marlenaxynou/.m2/repository/org/apache/camel/camel-language/3.19.0/camel-language-3.19.0.jar:/Users/marlenaxynou/.m2/repository/org/apache/camel/camel-log/3.19.0/camel-log-3.19.0.jar:/Users/marlenaxynou/.m2/repository/org/apache/camel/camel-mock/3.19.0/camel-mock-3.19.0.jar:/Users/marlenaxynou/.m2/repository/org/apache/camel/camel-ref/3.19.0/camel-ref-3.19.0.jar:/Users/marlenaxynou/.m2/repository/org/apache/camel/camel-rest/3.19.0/camel-rest-3.19.0.jar:/Users/marlenaxynou/.m2/repository/org/apache/camel/camel-tooling-model/3.19.0/camel-tooling-model-3.19.0.jar:/Users/marlenaxynou/.m2/repository/org/apache/camel/camel-saga/3.19.0/camel-saga-3.19.0.jar:/Users/marlenaxynou/.m2/repository/org/apache/camel/camel-scheduler/3.19.0/camel-scheduler-3.19.0.jar:/Users/marlenaxynou/.m2/repository/org/apache/camel/camel-seda/3.19.0/camel-seda-3.19.0.jar:/Users/marlenaxynou/.m2/repository/org/apache/camel/camel-stub/3.19.0/camel-stub-3.19.0.jar:/Users/marlenaxynou/.m2/repository/org/apache/camel/camel-validator/3.19.0/camel-validator-3.19.0.jar:/Users/marlenaxynou/.m2/repository/org/apache/camel/camel-vm/3.19.0/camel-vm-3.19.0.jar:/Users/marlenaxynou/.m2/repository/org/apache/camel/camel-xpath/3.19.0/camel-xpath-3.19.0.jar:/Users/marlenaxynou/.m2/repository/org/apache/camel/camel-xslt/3.19.0/camel-xslt-3.19.0.jar:/Users/marlenaxynou/.m2/repository/org/apache/camel/camel-xml-jaxb/3.19.0/camel-xml-jaxb-3.19.0.jar:/Users/marlenaxynou/.m2/repository/jakarta/xml/bind/jakarta.xml.bind-api/2.3.3/jakarta.xml.bind-api-2.3.3.jar:/Users/marlenaxynou/.m2/repository/jakarta/activation/jakarta.activation-api/1.2.2/jakarta.activation-api-1.2.2.jar:/Users/marlenaxynou/.m2/repository/com/sun/xml/bind/jaxb-core/2.3.0/jaxb-core-2.3.0.jar:/Users/marlenaxynou/.m2/repository/com/sun/xml/bind/jaxb-impl/2.3.3/jaxb-impl-2.3.3.jar:/Users/marlenaxynou/.m2/repository/com/sun/activation/jakarta.activation/1.2.2/jakarta.activation-1.2.2.jar:/Users/marlenaxynou/.m2/repository/org/apache/camel/camel-xml-jaxp/3.19.0/camel-xml-jaxp-3.19.0.jar:/Users/marlenaxynou/.m2/repository/org/apache/camel/camel-xml-io-util/3.19.0/camel-xml-io-util-3.19.0.jar:/Users/marlenaxynou/.m2/repository/org/slf4j/slf4j-api/1.7.36/slf4j-api-1.7.36.jar:/Users/marlenaxynou/.m2/repository/org/apache/camel/camel-main/3.19.0/camel-main-3.19.0.jar:/Users/marlenaxynou/.m2/repository/org/apache/camel/camel-api/3.19.0/camel-api-3.19.0.jar:/Users/marlenaxynou/.m2/repository/org/apache/camel/camel-base/3.19.0/camel-base-3.19.0.jar:/Users/marlenaxynou/.m2/repository/org/apache/camel/camel-management-api/3.19.0/camel-management-api-3.19.0.jar:/Users/marlenaxynou/.m2/repository/org/apache/camel/camel-support/3.19.0/camel-support-3.19.0.jar:/Users/marlenaxynou/.m2/repository/org/apache/camel/camel-util/3.19.0/camel-util-3.19.0.jar:/Users/marlenaxynou/.m2/repository/org/apache/camel/camel-jms/3.19.0/camel-jms-3.19.0.jar:/Users/marlenaxynou/.m2/repository/org/apache/camel/camel-spring/3.19.0/camel-spring-3.19.0.jar:/Users/marlenaxynou/.m2/repository/org/springframework/spring-core/5.3.23/spring-core-5.3.23.jar:/Users/marlenaxynou/.m2/repository/org/springframework/spring-jcl/5.3.23/spring-jcl-5.3.23.jar:/Users/marlenaxynou/.m2/repository/org/springframework/spring-aop/5.3.23/spring-aop-5.3.23.jar:/Users/marlenaxynou/.m2/repository/org/springframework/spring-expression/5.3.23/spring-expression-5.3.23.jar:/Users/marlenaxynou/.m2/repository/org/springframework/spring-jms/5.3.23/spring-jms-5.3.23.jar:/Users/marlenaxynou/.m2/repository/org/springframework/spring-messaging/5.3.23/spring-messaging-5.3.23.jar:/Users/marlenaxynou/.m2/repository/org/springframework/spring-context/5.3.23/spring-context-5.3.23.jar:/Users/marlenaxynou/.m2/repository/org/springframework/spring-tx/5.3.23/spring-tx-5.3.23.jar:/Users/marlenaxynou/.m2/repository/org/springframework/spring-beans/5.3.23/spring-beans-5.3.23.jar:/Users/marlenaxynou/.m2/repository/org/apache/geronimo/specs/geronimo-jms_2.0_spec/1.0-alpha-2/geronimo-jms_2.0_spec-1.0-alpha-2.jar:/Users/marlenaxynou/.m2/repository/org/apache/camel/camel-timer/3.19.0/camel-timer-3.19.0.jar:/Users/marlenaxynou/.m2/repository/org/apache/activemq/artemis-jms-client/2.26.0/artemis-jms-client-2.26.0.jar:/Users/marlenaxynou/.m2/repository/org/apache/activemq/artemis-core-client/2.26.0/artemis-core-client-2.26.0.jar:/Users/marlenaxynou/.m2/repository/org/jgroups/jgroups/5.2.0.Final/jgroups-5.2.0.Final.jar:/Users/marlenaxynou/.m2/repository/io/netty/netty-transport-native-epoll/4.1.79.Final/netty-transport-native-epoll-4.1.79.Final-linux-x86_64.jar:/Users/marlenaxynou/.m2/repository/io/netty/netty-transport-native-unix-common/4.1.79.Final/netty-transport-native-unix-common-4.1.79.Final.jar:/Users/marlenaxynou/.m2/repository/io/netty/netty-transport-classes-epoll/4.1.79.Final/netty-transport-classes-epoll-4.1.79.Final.jar:/Users/marlenaxynou/.m2/repository/io/netty/netty-transport-native-kqueue/4.1.79.Final/netty-transport-native-kqueue-4.1.79.Final-osx-x86_64.jar:/Users/marlenaxynou/.m2/repository/io/netty/netty-transport-classes-kqueue/4.1.79.Final/netty-transport-classes-kqueue-4.1.79.Final.jar:/Users/marlenaxynou/.m2/repository/io/netty/netty-codec-http/4.1.79.Final/netty-codec-http-4.1.79.Final.jar:/Users/marlenaxynou/.m2/repository/io/netty/netty-buffer/4.1.79.Final/netty-buffer-4.1.79.Final.jar:/Users/marlenaxynou/.m2/repository/io/netty/netty-transport/4.1.79.Final/netty-transport-4.1.79.Final.jar:/Users/marlenaxynou/.m2/repository/io/netty/netty-resolver/4.1.79.Final/netty-resolver-4.1.79.Final.jar:/Users/marlenaxynou/.m2/repository/io/netty/netty-handler/4.1.79.Final/netty-handler-4.1.79.Final.jar:/Users/marlenaxynou/.m2/repository/io/netty/netty-handler-proxy/4.1.79.Final/netty-handler-proxy-4.1.79.Final.jar:/Users/marlenaxynou/.m2/repository/io/netty/netty-codec/4.1.79.Final/netty-codec-4.1.79.Final.jar:/Users/marlenaxynou/.m2/repository/io/netty/netty-codec-socks/4.1.79.Final/netty-codec-socks-4.1.79.Final.jar:/Users/marlenaxynou/.m2/repository/io/netty/netty-common/4.1.79.Final/netty-common-4.1.79.Final.jar:/Users/marlenaxynou/.m2/repository/org/apache/activemq/artemis-commons/2.26.0/artemis-commons-2.26.0.jar:/Users/marlenaxynou/.m2/repository/org/jboss/logging/jboss-logging/3.5.0.Final/jboss-logging-3.5.0.Final.jar:/Users/marlenaxynou/.m2/repository/commons-beanutils/commons-beanutils/1.9.4/commons-beanutils-1.9.4.jar:/Users/marlenaxynou/.m2/repository/commons-logging/commons-logging/1.2/commons-logging-1.2.jar:/Users/marlenaxynou/.m2/repository/commons-collections/commons-collections/3.2.2/commons-collections-3.2.2.jar:/Users/marlenaxynou/.m2/repository/org/apache/activemq/artemis-selector/2.26.0/artemis-selector-2.26.0.jar:/Users/marlenaxynou/.m2/repository/jakarta/jms/jakarta.jms-api/2.0.3/jakarta.jms-api-2.0.3.jar:/Users/marlenaxynou/.m2/repository/org/apache/logging/log4j/log4j-api/2.19.0/log4j-api-2.19.0.jar:/Users/marlenaxynou/.m2/repository/org/apache/logging/log4j/log4j-core/2.19.0/log4j-core-2.19.0.jar:/Users/marlenaxynou/.m2/repository/org/apache/logging/log4j/log4j-slf4j-impl/2.19.0/log4j-slf4j-impl-2.19.0.jar:/Users/marlenaxynou/.m2/repository/org/apache/logging/log4j/log4j-jul/2.19.0/log4j-jul-2.19.0.jar:/Users/marlenaxynou/.m2/repository/com/google/guava/guava/31.1-jre/guava-31.1-jre.jar:/Users/marlenaxynou/.m2/repository/com/google/guava/failureaccess/1.0.1/failureaccess-1.0.1.jar:/Users/marlenaxynou/.m2/repository/com/google/guava/listenablefuture/9999.0-empty-to-avoid-conflict-with-guava/listenablefuture-9999.0-empty-to-avoid-conflict-with-guava.jar:/Users/marlenaxynou/.m2/repository/com/google/code/findbugs/jsr305/3.0.2/jsr305-3.0.2.jar:/Users/marlenaxynou/.m2/repository/org/checkerframework/checker-qual/3.12.0/checker-qual-3.12.0.jar:/Users/marlenaxynou/.m2/repository/com/google/errorprone/error_prone_annotations/2.11.0/error_prone_annotations-2.11.0.jar:/Users/marlenaxynou/.m2/repository/com/google/j2objc/j2objc-annotations/1.3/j2objc-annotations-1.3.jar:/Users/marlenaxynou/.m2/repository/com/github/ben-manes/caffeine/caffeine/3.1.1/caffeine-3.1.1.jar:/Users/marlenaxynou/.m2/repository/org/apache/camel/camel-console/3.19.0/camel-console-3.19.0.jar:/Users/marlenaxynou/.m2/repository/org/apache/camel/camel-util-json/3.19.0/camel-util-json-3.19.0.jar:/Users/marlenaxynou/.m2/repository/org/apache/camel/camel-jackson/3.19.0/camel-jackson-3.19.0.jar:/Users/marlenaxynou/.m2/repository/com/fasterxml/jackson/core/jackson-databind/2.13.4/jackson-databind-2.13.4.jar:/Users/marlenaxynou/.m2/repository/com/fasterxml/jackson/core/jackson-annotations/2.13.4/jackson-annotations-2.13.4.jar:/Users/marlenaxynou/.m2/repository/com/fasterxml/jackson/core/jackson-core/2.13.4/jackson-core-2.13.4.jar:"/>
    <property name="sun.cpu.endian" value="little"/>
    <property name="user.home" value="/Users/marlenaxynou"/>
    <property name="user.language" value="en"/>
    <property name="java.specification.vendor" value="Oracle Corporation"/>
    <property name="java.version.date" value="2023-09-19"/>
    <property name="java.home" value="/opt/homebrew/Cellar/openjdk/21/libexec/openjdk.jdk/Contents/Home"/>
    <property name="file.separator" value="/"/>
    <property name="basedir" value="/Users/marlenaxynou/Desktop/L3_POO_DAME_DE_PIQUE"/>
    <property name="java.vm.compressedOopsMode" value="Zero based"/>
    <property name="line.separator" value="&#10;"/>
    <property name="java.specification.name" value="Java Platform API Specification"/>
    <property name="java.vm.specification.vendor" value="Oracle Corporation"/>
    <property name="apple.awt.application.name" value="ForkedBooter"/>
    <property name="surefire.real.class.path" value="/Users/marlenaxynou/Desktop/L3_POO_DAME_DE_PIQUE/target/surefire/surefirebooter12131626453369569642.jar"/>
    <property name="sun.management.compiler" value="HotSpot 64-Bit Tiered Compilers"/>
    <property name="java.runtime.version" value="21"/>
    <property name="user.name" value="marlenaxynou"/>
    <property name="stdout.encoding" value="UTF-8"/>
    <property name="path.separator" value=":"/>
    <property name="os.version" value="14.2.1"/>
    <property name="java.runtime.name" value="OpenJDK Runtime Environment"/>
    <property name="file.encoding" value="UTF-8"/>
    <property name="java.vm.name" value="OpenJDK 64-Bit Server VM"/>
    <property name="java.vendor.version" value="Homebrew"/>
    <property name="localRepository" value="/Users/marlenaxynou/.m2/repository"/>
    <property name="java.vendor.url.bug" value="https://github.com/Homebrew/homebrew-core/issues"/>
    <property name="java.io.tmpdir" value="/var/folders/41/5dfxchy97wlg6j_wg2hwp3dr0000gn/T/"/>
    <property name="java.version" value="21"/>
    <property name="user.dir" value="/Users/marlenaxynou/Desktop/L3_POO_DAME_DE_PIQUE"/>
    <property name="os.arch" value="aarch64"/>
    <property name="java.vm.specification.name" value="Java Virtual Machine Specification"/>
    <property name="native.encoding" value="UTF-8"/>
    <property name="java.library.path" value="/Users/marlenaxynou/Library/Java/Extensions:/Library/Java/Extensions:/Network/Library/Java/Extensions:/System/Library/Java/Extensions:/usr/lib/java:."/>
    <property name="java.vm.info" value="mixed mode, sharing"/>
    <property name="stderr.encoding" value="UTF-8"/>
    <property name="java.vendor" value="Homebrew"/>
    <property name="java.vm.version" value="21"/>
    <property name="sun.io.unicode.encoding" value="UnicodeBig"/>
    <property name="java.class.version" value="65.0"/>
  </properties>
  <testcase name="playRoundSimpleRound" classname="fr.pantheonsorbonne.miage.engine.DameDePiqueEngineTest" time="0.006">
    <error type="java.lang.NullPointerException"><![CDATA[java.lang.NullPointerException: Cannot invoke "java.util.Queue.iterator()" because "cards" is null
	at fr.pantheonsorbonne.miage.engine.DameDePiqueEngineTest.playRoundSimpleRound(DameDePiqueEngineTest.java:58)
]]></error>
    <system-out><![CDATA[
Joueur1 joue son tour :
]]></system-out>
    <system-err><![CDATA[java.lang.instrument.IllegalClassFormatException: Error while instrumenting fr/pantheonsorbonne/miage/game/Player with JaCoCo 0.8.8.202204050719/5dcf34a.
	at org.jacoco.agent.rt.internal_b6258fc.CoverageTransformer.transform(CoverageTransformer.java:94)
	at java.instrument/java.lang.instrument.ClassFileTransformer.transform(ClassFileTransformer.java:244)
	at java.instrument/sun.instrument.TransformerManager.transform(TransformerManager.java:188)
	at java.instrument/sun.instrument.InstrumentationImpl.transform(InstrumentationImpl.java:610)
	at java.base/java.lang.ClassLoader.defineClass1(Native Method)
	at java.base/java.lang.ClassLoader.defineClass(ClassLoader.java:1027)
	at java.base/java.security.SecureClassLoader.defineClass(SecureClassLoader.java:150)
	at java.base/jdk.internal.loader.BuiltinClassLoader.defineClass(BuiltinClassLoader.java:862)
	at java.base/jdk.internal.loader.BuiltinClassLoader.findClassOnClassPathOrNull(BuiltinClassLoader.java:760)
	at java.base/jdk.internal.loader.BuiltinClassLoader.loadClassOrNull(BuiltinClassLoader.java:681)
	at java.base/jdk.internal.loader.BuiltinClassLoader.loadClass(BuiltinClassLoader.java:639)
	at java.base/jdk.internal.loader.ClassLoaders$AppClassLoader.loadClass(ClassLoaders.java:188)
	at java.base/java.lang.ClassLoader.loadClass(ClassLoader.java:526)
	at fr.pantheonsorbonne.miage.engine.DameDePiqueEngineTest.setUp(DameDePiqueEngineTest.java:24)
	at java.base/jdk.internal.reflect.DirectMethodHandleAccessor.invoke(DirectMethodHandleAccessor.java:103)
	at java.base/java.lang.reflect.Method.invoke(Method.java:580)
	at org.junit.platform.commons.util.ReflectionUtils.invokeMethod(ReflectionUtils.java:767)
	at org.junit.jupiter.engine.execution.MethodInvocation.proceed(MethodInvocation.java:60)
	at org.junit.jupiter.engine.execution.InvocationInterceptorChain$ValidatingInvocation.proceed(InvocationInterceptorChain.java:131)
	at org.junit.jupiter.engine.extension.TimeoutExtension.intercept(TimeoutExtension.java:156)
	at org.junit.jupiter.engine.extension.TimeoutExtension.interceptLifecycleMethod(TimeoutExtension.java:128)
	at org.junit.jupiter.engine.extension.TimeoutExtension.interceptBeforeEachMethod(TimeoutExtension.java:78)
	at org.junit.jupiter.engine.execution.InterceptingExecutableInvoker$ReflectiveInterceptorCall.lambda$ofVoidMethod$0(InterceptingExecutableInvoker.java:103)
	at org.junit.jupiter.engine.execution.InterceptingExecutableInvoker.lambda$invoke$0(InterceptingExecutableInvoker.java:93)
	at org.junit.jupiter.engine.execution.InvocationInterceptorChain$InterceptedInvocation.proceed(InvocationInterceptorChain.java:106)
	at org.junit.jupiter.engine.execution.InvocationInterceptorChain.proceed(InvocationInterceptorChain.java:64)
	at org.junit.jupiter.engine.execution.InvocationInterceptorChain.chainAndInvoke(InvocationInterceptorChain.java:45)
	at org.junit.jupiter.engine.execution.InvocationInterceptorChain.invoke(InvocationInterceptorChain.java:37)
	at org.junit.jupiter.engine.execution.InterceptingExecutableInvoker.invoke(InterceptingExecutableInvoker.java:92)
	at org.junit.jupiter.engine.execution.InterceptingExecutableInvoker.invoke(InterceptingExecutableInvoker.java:86)
	at org.junit.jupiter.engine.descriptor.ClassBasedTestDescriptor.invokeMethodInExtensionContext(ClassBasedTestDescriptor.java:521)
	at org.junit.jupiter.engine.descriptor.ClassBasedTestDescriptor.lambda$synthesizeBeforeEachMethodAdapter$24(ClassBasedTestDescriptor.java:506)
	at org.junit.jupiter.engine.descriptor.TestMethodTestDescriptor.lambda$invokeBeforeEachMethods$4(TestMethodTestDescriptor.java:174)
	at org.junit.jupiter.engine.descriptor.TestMethodTestDescriptor.lambda$invokeBeforeMethodsOrCallbacksUntilExceptionOccurs$7(TestMethodTestDescriptor.java:202)
	at org.junit.platform.engine.support.hierarchical.ThrowableCollector.execute(ThrowableCollector.java:73)
	at org.junit.jupiter.engine.descriptor.TestMethodTestDescriptor.invokeBeforeMethodsOrCallbacksUntilExceptionOccurs(TestMethodTestDescriptor.java:202)
	at org.junit.jupiter.engine.descriptor.TestMethodTestDescriptor.invokeBeforeEachMethods(TestMethodTestDescriptor.java:171)
	at org.junit.jupiter.engine.descriptor.TestMethodTestDescriptor.execute(TestMethodTestDescriptor.java:134)
	at org.junit.jupiter.engine.descriptor.TestMethodTestDescriptor.execute(TestMethodTestDescriptor.java:68)
	at org.junit.platform.engine.support.hierarchical.NodeTestTask.lambda$executeRecursively$6(NodeTestTask.java:156)
	at org.junit.platform.engine.support.hierarchical.ThrowableCollector.execute(ThrowableCollector.java:73)
	at org.junit.platform.engine.support.hierarchical.NodeTestTask.lambda$executeRecursively$8(NodeTestTask.java:146)
	at org.junit.platform.engine.support.hierarchical.Node.around(Node.java:137)
	at org.junit.platform.engine.support.hierarchical.NodeTestTask.lambda$executeRecursively$9(NodeTestTask.java:144)
	at org.junit.platform.engine.support.hierarchical.ThrowableCollector.execute(ThrowableCollector.java:73)
	at org.junit.platform.engine.support.hierarchical.NodeTestTask.executeRecursively(NodeTestTask.java:143)
	at org.junit.platform.engine.support.hierarchical.NodeTestTask.execute(NodeTestTask.java:100)
	at java.base/java.util.ArrayList.forEach(ArrayList.java:1596)
	at org.junit.platform.engine.support.hierarchical.SameThreadHierarchicalTestExecutorService.invokeAll(SameThreadHierarchicalTestExecutorService.java:41)
	at org.junit.platform.engine.support.hierarchical.NodeTestTask.lambda$executeRecursively$6(NodeTestTask.java:160)
	at org.junit.platform.engine.support.hierarchical.ThrowableCollector.execute(ThrowableCollector.java:73)
	at org.junit.platform.engine.support.hierarchical.NodeTestTask.lambda$executeRecursively$8(NodeTestTask.java:146)
	at org.junit.platform.engine.support.hierarchical.Node.around(Node.java:137)
	at org.junit.platform.engine.support.hierarchical.NodeTestTask.lambda$executeRecursively$9(NodeTestTask.java:144)
	at org.junit.platform.engine.support.hierarchical.ThrowableCollector.execute(ThrowableCollector.java:73)
	at org.junit.platform.engine.support.hierarchical.NodeTestTask.executeRecursively(NodeTestTask.java:143)
	at org.junit.platform.engine.support.hierarchical.NodeTestTask.execute(NodeTestTask.java:100)
	at java.base/java.util.ArrayList.forEach(ArrayList.java:1596)
	at org.junit.platform.engine.support.hierarchical.SameThreadHierarchicalTestExecutorService.invokeAll(SameThreadHierarchicalTestExecutorService.java:41)
	at org.junit.platform.engine.support.hierarchical.NodeTestTask.lambda$executeRecursively$6(NodeTestTask.java:160)
	at org.junit.platform.engine.support.hierarchical.ThrowableCollector.execute(ThrowableCollector.java:73)
	at org.junit.platform.engine.support.hierarchical.NodeTestTask.lambda$executeRecursively$8(NodeTestTask.java:146)
	at org.junit.platform.engine.support.hierarchical.Node.around(Node.java:137)
	at org.junit.platform.engine.support.hierarchical.NodeTestTask.lambda$executeRecursively$9(NodeTestTask.java:144)
	at org.junit.platform.engine.support.hierarchical.ThrowableCollector.execute(ThrowableCollector.java:73)
	at org.junit.platform.engine.support.hierarchical.NodeTestTask.executeRecursively(NodeTestTask.java:143)
	at org.junit.platform.engine.support.hierarchical.NodeTestTask.execute(NodeTestTask.java:100)
	at org.junit.platform.engine.support.hierarchical.SameThreadHierarchicalTestExecutorService.submit(SameThreadHierarchicalTestExecutorService.java:35)
	at org.junit.platform.engine.support.hierarchical.HierarchicalTestExecutor.execute(HierarchicalTestExecutor.java:57)
	at org.junit.platform.engine.support.hierarchical.HierarchicalTestEngine.execute(HierarchicalTestEngine.java:54)
	at org.junit.platform.launcher.core.EngineExecutionOrchestrator.execute(EngineExecutionOrchestrator.java:198)
	at org.junit.platform.launcher.core.EngineExecutionOrchestrator.execute(EngineExecutionOrchestrator.java:169)
	at org.junit.platform.launcher.core.EngineExecutionOrchestrator.execute(EngineExecutionOrchestrator.java:93)
	at org.junit.platform.launcher.core.EngineExecutionOrchestrator.lambda$execute$0(EngineExecutionOrchestrator.java:58)
	at org.junit.platform.launcher.core.EngineExecutionOrchestrator.withInterceptedStreams(EngineExecutionOrchestrator.java:141)
	at org.junit.platform.launcher.core.EngineExecutionOrchestrator.execute(EngineExecutionOrchestrator.java:57)
	at org.junit.platform.launcher.core.DefaultLauncher.execute(DefaultLauncher.java:103)
	at org.junit.platform.launcher.core.DefaultLauncher.execute(DefaultLauncher.java:85)
	at org.junit.platform.launcher.core.DelegatingLauncher.execute(DelegatingLauncher.java:47)
	at org.junit.platform.launcher.core.SessionPerRequestLauncher.execute(SessionPerRequestLauncher.java:63)
	at org.apache.maven.surefire.junitplatform.JUnitPlatformProvider.execute(JUnitPlatformProvider.java:188)
	at org.apache.maven.surefire.junitplatform.JUnitPlatformProvider.invokeAllTests(JUnitPlatformProvider.java:154)
	at org.apache.maven.surefire.junitplatform.JUnitPlatformProvider.invoke(JUnitPlatformProvider.java:128)
	at org.apache.maven.surefire.booter.ForkedBooter.runSuitesInProcess(ForkedBooter.java:428)
	at org.apache.maven.surefire.booter.ForkedBooter.execute(ForkedBooter.java:162)
	at org.apache.maven.surefire.booter.ForkedBooter.run(ForkedBooter.java:562)
	at org.apache.maven.surefire.booter.ForkedBooter.main(ForkedBooter.java:548)
Caused by: java.io.IOException: Error while instrumenting fr/pantheonsorbonne/miage/game/Player with JaCoCo 0.8.8.202204050719/5dcf34a.
	at org.jacoco.agent.rt.internal_b6258fc.core.instr.Instrumenter.instrumentError(Instrumenter.java:161)
	at org.jacoco.agent.rt.internal_b6258fc.core.instr.Instrumenter.instrument(Instrumenter.java:111)
	at org.jacoco.agent.rt.internal_b6258fc.CoverageTransformer.transform(CoverageTransformer.java:92)
	... 86 more
Caused by: java.lang.IllegalArgumentException: Unsupported class file major version 65
	at org.jacoco.agent.rt.internal_b6258fc.asm.ClassReader.<init>(ClassReader.java:199)
	at org.jacoco.agent.rt.internal_b6258fc.asm.ClassReader.<init>(ClassReader.java:180)
	at org.jacoco.agent.rt.internal_b6258fc.asm.ClassReader.<init>(ClassReader.java:166)
	at org.jacoco.agent.rt.internal_b6258fc.core.internal.instr.InstrSupport.classReaderFor(InstrSupport.java:280)
	at org.jacoco.agent.rt.internal_b6258fc.core.instr.Instrumenter.instrument(Instrumenter.java:77)
	at org.jacoco.agent.rt.internal_b6258fc.core.instr.Instrumenter.instrument(Instrumenter.java:109)
	... 87 more
]]></system-err>
  </testcase>
  <testcase name="giveCardsToPlayer" classname="fr.pantheonsorbonne.miage.engine.DameDePiqueEngineTest" time="0.001"/>
  <testcase name="declareWinner" classname="fr.pantheonsorbonne.miage.engine.DameDePiqueEngineTest" time="0.001"/>
  <testcase name="play" classname="fr.pantheonsorbonne.miage.engine.DameDePiqueEngineTest" time="0.004">
    <system-out><![CDATA[
>>> Le gagnant est Joueur1 avec un score de 0 points ! <<<
]]></system-out>
  </testcase>
  <testcase name="playRoundEquality" classname="fr.pantheonsorbonne.miage.engine.DameDePiqueEngineTest" time="0.001">
    <error type="java.lang.NullPointerException"><![CDATA[java.lang.NullPointerException: Cannot invoke "java.util.Queue.iterator()" because "cards" is null
	at fr.pantheonsorbonne.miage.engine.DameDePiqueEngineTest.playRoundEquality(DameDePiqueEngineTest.java:70)
]]></error>
    <system-out><![CDATA[
Joueur1 joue son tour :
]]></system-out>
  </testcase>
  <testcase name="getInitialPlayers" classname="fr.pantheonsorbonne.miage.engine.DameDePiqueEngineTest" time="0.001"/>
</testsuite>