<?xml version="1.0" encoding="UTF-8"?>
<testsuite xmlns:xsi="http://www.w3.org/2001/XMLSchema-instance" xsi:noNamespaceSchemaLocation="https://maven.apache.org/surefire/maven-surefire-plugin/xsd/surefire-test-report-3.0.xsd" version="3.0" name="fr.pantheonsorbonne.miage.game.RandomDeckTest" time="0.005" tests="3" errors="0" skipped="0" failures="0">
  <properties>
    <property name="java.specification.version" value="21"/>
    <property name="sun.jnu.encoding" value="UTF-8"/>
    <property name="java.class.path" value="/Users/marlenaxynou/Desktop/L3_POO_DAME_DE_PIQUE/target/test-classes:/Users/marlenaxynou/Desktop/L3_POO_DAME_DE_PIQUE/target/classes:/Users/marlenaxynou/.m2/repository/org/junit/jupiter/junit-jupiter/5.11.3/junit-jupiter-5.11.3.jar:/Users/marlenaxynou/.m2/repository/org/junit/jupiter/junit-jupiter-api/5.11.3/junit-jupiter-api-5.11.3.jar:/Users/marlenaxynou/.m2/repository/org/opentest4j/opentest4j/1.3.0/opentest4j-1.3.0.jar:/Users/marlenaxynou/.m2/repository/org/junit/platform/junit-platform-commons/1.11.3/junit-platform-commons-1.11.3.jar:/Users/marlenaxynou/.m2/repository/org/apiguardian/apiguardian-api/1.1.2/apiguardian-api-1.1.2.jar:/Users/marlenaxynou/.m2/repository/org/junit/jupiter/junit-jupiter-params/5.11.3/junit-jupiter-params-5.11.3.jar:/Users/marlenaxynou/.m2/repository/org/junit/jupiter/junit-jupiter-engine/5.11.3/junit-jupiter-engine-5.11.3.jar:/Users/marlenaxynou/.m2/repository/org/junit/platform/junit-platform-engine/1.11.3/junit-platform-engine-1.11.3.jar:/Users/marlenaxynou/.m2/repository/fr/pantheonsorbonne/miage/poo-player/1.0.0-SNAPSHOT/poo-player-1.0.0-SNAPSHOT.jar:/Users/marlenaxynou/.m2/repository/org/apache/camel/camel-core/3.19.0/camel-core-3.19.0.jar:/Users/marlenaxynou/.m2/repository/org/apache/camel/camel-core-engine/3.19.0/camel-core-engine-3.19.0.jar:/Users/marlenaxynou/.m2/repository/org/apache/camel/camel-base-engine/3.19.0/camel-base-engine-3.19.0.jar:/Users/marlenaxynou/.m2/repository/org/apache/camel/camel-core-reifier/3.19.0/camel-core-reifier-3.19.0.jar:/Users/marlenaxynou/.m2/repository/org/apache/camel/camel-core-processor/3.19.0/camel-core-processor-3.19.0.jar:/Users/marlenaxynou/.m2/repository/org/apache/camel/camel-core-languages/3.19.0/camel-core-languages-3.19.0.jar:/Users/marlenaxynou/.m2/repository/org/apache/camel/camel-core-model/3.19.0/camel-core-model-3.19.0.jar:/Users/marlenaxynou/.m2/repository/org/apache/camel/camel-bean/3.19.0/camel-bean-3.19.0.jar:/Users/marlenaxynou/.m2/repository/org/apache/camel/camel-browse/3.19.0/camel-browse-3.19.0.jar:/Users/marlenaxynou/.m2/repository/org/apache/camel/camel-cluster/3.19.0/camel-cluster-3.19.0.jar:/Users/marlenaxynou/.m2/repository/org/apache/camel/camel-controlbus/3.19.0/camel-controlbus-3.19.0.jar:/Users/marlenaxynou/.m2/repository/org/apache/camel/camel-dataformat/3.19.0/camel-dataformat-3.19.0.jar:/Users/marlenaxynou/.m2/repository/org/apache/camel/camel-dataset/3.19.0/camel-dataset-3.19.0.jar:/Users/marlenaxynou/.m2/repository/org/apache/camel/camel-direct/3.19.0/camel-direct-3.19.0.jar:/Users/marlenaxynou/.m2/repository/org/apache/camel/camel-directvm/3.19.0/camel-directvm-3.19.0.jar:/Users/marlenaxynou/.m2/repository/org/apache/camel/camel-file/3.19.0/camel-file-3.19.0.jar:/Users/marlenaxynou/.m2/repository/org/apache/camel/camel-health/3.19.0/camel-health-3.19.0.jar:/Users/marlenaxynou/.m2/repository/org/apache/camel/camel-language/3.19.0/camel-language-3.19.0.jar:/Users/marlenaxynou/.m2/repository/org/apache/camel/camel-log/3.19.0/camel-log-3.19.0.jar:/Users/marlenaxynou/.m2/repository/org/apache/camel/camel-mock/3.19.0/camel-mock-3.19.0.jar:/Users/marlenaxynou/.m2/repository/org/apache/camel/camel-ref/3.19.0/camel-ref-3.19.0.jar:/Users/marlenaxynou/.m2/repository/org/apache/camel/camel-rest/3.19.0/camel-rest-3.19.0.jar:/Users/marlenaxynou/.m2/repository/org/apache/camel/camel-tooling-model/3.19.0/camel-tooling-model-3.19.0.jar:/Users/marlenaxynou/.m2/repository/org/apache/camel/camel-saga/3.19.0/camel-saga-3.19.0.jar:/Users/marlenaxynou/.m2/repository/org/apache/camel/camel-scheduler/3.19.0/camel-scheduler-3.19.0.jar:/Users/marlenaxynou/.m2/repository/org/apache/camel/camel-seda/3.19.0/camel-seda-3.19.0.jar:/Users/marlenaxynou/.m2/repository/org/apache/camel/camel-stub/3.19.0/camel-stub-3.19.0.jar:/Users/marlenaxynou/.m2/repository/org/apache/camel/camel-validator/3.19.0/camel-validator-3.19.0.jar:/Users/marlenaxynou/.m2/repository/org/apache/camel/camel-vm/3.19.0/camel-vm-3.19.0.jar:/Users/marlenaxynou/.m2/repository/org/apache/camel/camel-xpath/3.19.0/camel-xpath-3.19.0.jar:/Users/marlenaxynou/.m2/repository/org/apache/camel/camel-xslt/3.19.0/camel-xslt-3.19.0.jar:/Users/marlenaxynou/.m2/repository/org/apache/camel/camel-xml-jaxb/3.19.0/camel-xml-jaxb-3.19.0.jar:/Users/marlenaxynou/.m2/repository/jakarta/xml/bind/jakarta.xml.bind-api/2.3.3/jakarta.xml.bind-api-2.3.3.jar:/Users/marlenaxynou/.m2/repository/jakarta/activation/jakarta.activation-api/1.2.2/jakarta.activation-api-1.2.2.jar:/Users/marlenaxynou/.m2/repository/com/sun/xml/bind/jaxb-core/2.3.0/jaxb-core-2.3.0.jar:/Users/marlenaxynou/.m2/repository/com/sun/xml/bind/jaxb-impl/2.3.3/jaxb-impl-2.3.3.jar:/Users/marlenaxynou/.m2/repository/com/sun/activation/jakarta.activation/1.2.2/jakarta.activation-1.2.2.jar:/Users/marlenaxynou/.m2/repository/org/apache/camel/camel-xml-jaxp/3.19.0/camel-xml-jaxp-3.19.0.jar:/Users/marlenaxynou/.m2/repository/org/apache/camel/camel-xml-io-util/3.19.0/camel-xml-io-util-3.19.0.jar:/Users/marlenaxynou/.m2/repository/org/slf4j/slf4j-api/1.7.36/slf4j-api-1.7.36.jar:/Users/marlenaxynou/.m2/repository/org/apache/camel/camel-main/3.19.0/camel-main-3.19.0.jar:/Users/marlenaxynou/.m2/repository/org/apache/camel/camel-api/3.19.0/camel-api-3.19.0.jar:/Users/marlenaxynou/.m2/repository/org/apache/camel/camel-base/3.19.0/camel-base-3.19.0.jar:/Users/marlenaxynou/.m2/repository/org/apache/camel/camel-management-api/3.19.0/camel-management-api-3.19.0.jar:/Users/marlenaxynou/.m2/repository/org/apache/camel/camel-support/3.19.0/camel-support-3.19.0.jar:/Users/marlenaxynou/.m2/repository/org/apache/camel/camel-util/3.19.0/camel-util-3.19.0.jar:/Users/marlenaxynou/.m2/repository/org/apache/camel/camel-jms/3.19.0/camel-jms-3.19.0.jar:/Users/marlenaxynou/.m2/repository/org/apache/camel/camel-spring/3.19.0/camel-spring-3.19.0.jar:/Users/marlenaxynou/.m2/repository/org/springframework/spring-core/5.3.23/spring-core-5.3.23.jar:/Users/marlenaxynou/.m2/repository/org/springframework/spring-jcl/5.3.23/spring-jcl-5.3.23.jar:/Users/marlenaxynou/.m2/repository/org/springframework/spring-aop/5.3.23/spring-aop-5.3.23.jar:/Users/marlenaxynou/.m2/repository/org/springframework/spring-expression/5.3.23/spring-expression-5.3.23.jar:/Users/marlenaxynou/.m2/repository/org/springframework/spring-jms/5.3.23/spring-jms-5.3.23.jar:/Users/marlenaxynou/.m2/repository/org/springframework/spring-messaging/5.3.23/spring-messaging-5.3.23.jar:/Users/marlenaxynou/.m2/repository/org/springframework/spring-context/5.3.23/spring-context-5.3.23.jar:/Users/marlenaxynou/.m2/repository/org/springframework/spring-tx/5.3.23/spring-tx-5.3.23.jar:/Users/marlenaxynou/.m2/repository/org/springframework/spring-beans/5.3.23/spring-beans-5.3.23.jar:/Users/marlenaxynou/.m2/repository/org/apache/geronimo/specs/geronimo-jms_2.0_spec/1.0-alpha-2/geronimo-jms_2.0_spec-1.0-alpha-2.jar:/Users/marlenaxynou/.m2/repository/org/apache/camel/camel-timer/3.19.0/camel-timer-3.19.0.jar:/Users/marlenaxynou/.m2/repository/org/apache/activemq/artemis-jms-client/2.26.0/artemis-jms-client-2.26.0.jar:/Users/marlenaxynou/.m2/repository/org/apache/activemq/artemis-core-client/2.26.0/artemis-core-client-2.26.0.jar:/Users/marlenaxynou/.m2/repository/org/jgroups/jgroups/5.2.0.Final/jgroups-5.2.0.Final.jar:/Users/marlenaxynou/.m2/repository/io/netty/netty-transport-native-epoll/4.1.79.Final/netty-transport-native-epoll-4.1.79.Final-linux-x86_64.jar:/Users/marlenaxynou/.m2/repository/io/netty/netty-transport-native-unix-common/4.1.79.Final/netty-transport-native-unix-common-4.1.79.Final.jar:/Users/marlenaxynou/.m2/repository/io/netty/netty-transport-classes-epoll/4.1.79.Final/netty-transport-classes-epoll-4.1.79.Final.jar:/Users/marlenaxynou/.m2/repository/io/netty/netty-transport-native-kqueue/4.1.79.Final/netty-transport-native-kqueue-4.1.79.Final-osx-x86_64.jar:/Users/marlenaxynou/.m2/repository/io/netty/netty-transport-classes-kqueue/4.1.79.Final/netty-transport-classes-kqueue-4.1.79.Final.jar:/Users/marlenaxynou/.m2/repository/io/netty/netty-codec-http/4.1.79.Final/netty-codec-http-4.1.79.Final.jar:/Users/marlenaxynou/.m2/repository/io/netty/netty-buffer/4.1.79.Final/netty-buffer-4.1.79.Final.jar:/Users/marlenaxynou/.m2/repository/io/netty/netty-transport/4.1.79.Final/netty-transport-4.1.79.Final.jar:/Users/marlenaxynou/.m2/repository/io/netty/netty-resolver/4.1.79.Final/netty-resolver-4.1.79.Final.jar:/Users/marlenaxynou/.m2/repository/io/netty/netty-handler/4.1.79.Final/netty-handler-4.1.79.Final.jar:/Users/marlenaxynou/.m2/repository/io/netty/netty-handler-proxy/4.1.79.Final/netty-handler-proxy-4.1.79.Final.jar:/Users/marlenaxynou/.m2/repository/io/netty/netty-codec/4.1.79.Final/netty-codec-4.1.79.Final.jar:/Users/marlenaxynou/.m2/repository/io/netty/netty-codec-socks/4.1.79.Final/netty-codec-socks-4.1.79.Final.jar:/Users/marlenaxynou/.m2/repository/io/netty/netty-common/4.1.79.Final/netty-common-4.1.79.Final.jar:/Users/marlenaxynou/.m2/repository/org/apache/activemq/artemis-commons/2.26.0/artemis-commons-2.26.0.jar:/Users/marlenaxynou/.m2/repository/org/jboss/logging/jboss-logging/3.5.0.Final/jboss-logging-3.5.0.Final.jar:/Users/marlenaxynou/.m2/repository/commons-beanutils/commons-beanutils/1.9.4/commons-beanutils-1.9.4.jar:/Users/marlenaxynou/.m2/repository/commons-logging/commons-logging/1.2/commons-logging-1.2.jar:/Users/marlenaxynou/.m2/repository/commons-collections/commons-collections/3.2.2/commons-collections-3.2.2.jar:/Users/marlenaxynou/.m2/repository/org/apache/activemq/artemis-selector/2.26.0/artemis-selector-2.26.0.jar:/Users/marlenaxynou/.m2/repository/jakarta/jms/jakarta.jms-api/2.0.3/jakarta.jms-api-2.0.3.jar:/Users/marlenaxynou/.m2/repository/org/apache/logging/log4j/log4j-api/2.19.0/log4j-api-2.19.0.jar:/Users/marlenaxynou/.m2/repository/org/apache/logging/log4j/log4j-core/2.19.0/log4j-core-2.19.0.jar:/Users/marlenaxynou/.m2/repository/org/apache/logging/log4j/log4j-slf4j-impl/2.19.0/log4j-slf4j-impl-2.19.0.jar:/Users/marlenaxynou/.m2/repository/org/apache/logging/log4j/log4j-jul/2.19.0/log4j-jul-2.19.0.jar:/Users/marlenaxynou/.m2/repository/com/google/guava/guava/31.1-jre/guava-31.1-jre.jar:/Users/marlenaxynou/.m2/repository/com/google/guava/failureaccess/1.0.1/failureaccess-1.0.1.jar:/Users/marlenaxynou/.m2/repository/com/google/guava/listenablefuture/9999.0-empty-to-avoid-conflict-with-guava/listenablefuture-9999.0-empty-to-avoid-conflict-with-guava.jar:/Users/marlenaxynou/.m2/repository/com/google/code/findbugs/jsr305/3.0.2/jsr305-3.0.2.jar:/Users/marlenaxynou/.m2/repository/org/checkerframework/checker-qual/3.12.0/checker-qual-3.12.0.jar:/Users/marlenaxynou/.m2/repository/com/google/errorprone/error_prone_annotations/2.11.0/error_prone_annotations-2.11.0.jar:/Users/marlenaxynou/.m2/repository/com/google/j2objc/j2objc-annotations/1.3/j2objc-annotations-1.3.jar:/Users/marlenaxynou/.m2/repository/com/github/ben-manes/caffeine/caffeine/3.1.1/caffeine-3.1.1.jar:/Users/marlenaxynou/.m2/repository/org/apache/camel/camel-console/3.19.0/camel-console-3.19.0.jar:/Users/marlenaxynou/.m2/repository/org/apache/camel/camel-util-json/3.19.0/camel-util-json-3.19.0.jar:/Users/marlenaxynou/.m2/repository/org/apache/camel/camel-jackson/3.19.0/camel-jackson-3.19.0.jar:/Users/marlenaxynou/.m2/repository/com/fasterxml/jackson/core/jackson-databind/2.13.4/jackson-databind-2.13.4.jar:/Users/marlenaxynou/.m2/repository/com/fasterxml/jackson/core/jackson-annotations/2.13.4/jackson-annotations-2.13.4.jar:/Users/marlenaxynou/.m2/repository/com/fasterxml/jackson/core/jackson-core/2.13.4/jackson-core-2.13.4.jar:"/>
    <property name="java.vm.vendor" value="Homebrew"/>
    <property name="sun.arch.data.model" value="64"/>
    <property name="java.vendor.url" value="https://github.com/Homebrew/homebrew-core/issues"/>
    <property name="os.name" value="Mac OS X"/>
    <property name="java.vm.specification.version" value="21"/>
    <property name="sun.java.launcher" value="SUN_STANDARD"/>
    <property name="user.country" value="GR"/>
    <property name="sun.boot.library.path" value="/opt/homebrew/Cellar/openjdk/21/libexec/openjdk.jdk/Contents/Home/lib"/>
    <property name="sun.java.command" value="/Users/marlenaxynou/Desktop/L3_POO_DAME_DE_PIQUE/target/surefire/surefirebooter8621931900994246163.jar /Users/marlenaxynou/Desktop/L3_POO_DAME_DE_PIQUE/target/surefire 2024-12-18T15-40-43_099-jvmRun1 surefire17031524906561702393tmp surefire_011047138591992992069tmp"/>
    <property name="jdk.debug" value="release"/>
    <property name="surefire.test.class.path" value="/Users/marlenaxynou/Desktop/L3_POO_DAME_DE_PIQUE/target/test-classes:/Users/marlenaxynou/Desktop/L3_POO_DAME_DE_PIQUE/target/classes:/Users/marlenaxynou/.m2/repository/org/junit/jupiter/junit-jupiter/5.11.3/junit-jupiter-5.11.3.jar:/Users/marlenaxynou/.m2/repository/org/junit/jupiter/junit-jupiter-api/5.11.3/junit-jupiter-api-5.11.3.jar:/Users/marlenaxynou/.m2/repository/org/opentest4j/opentest4j/1.3.0/opentest4j-1.3.0.jar:/Users/marlenaxynou/.m2/repository/org/junit/platform/junit-platform-commons/1.11.3/junit-platform-commons-1.11.3.jar:/Users/marlenaxynou/.m2/repository/org/apiguardian/apiguardian-api/1.1.2/apiguardian-api-1.1.2.jar:/Users/marlenaxynou/.m2/repository/org/junit/jupiter/junit-jupiter-params/5.11.3/junit-jupiter-params-5.11.3.jar:/Users/marlenaxynou/.m2/repository/org/junit/jupiter/junit-jupiter-engine/5.11.3/junit-jupiter-engine-5.11.3.jar:/Users/marlenaxynou/.m2/repository/org/junit/platform/junit-platform-engine/1.11.3/junit-platform-engine-1.11.3.jar:/Users/marlenaxynou/.m2/repository/fr/pantheonsorbonne/miage/poo-player/1.0.0-SNAPSHOT/poo-player-1.0.0-SNAPSHOT.jar:/Users/marlenaxynou/.m2/repository/org/apache/camel/camel-core/3.19.0/camel-core-3.19.0.jar:/Users/marlenaxynou/.m2/repository/org/apache/camel/camel-core-engine/3.19.0/camel-core-engine-3.19.0.jar:/Users/marlenaxynou/.m2/repository/org/apache/camel/camel-base-engine/3.19.0/camel-base-engine-3.19.0.jar:/Users/marlenaxynou/.m2/repository/org/apache/camel/camel-core-reifier/3.19.0/camel-core-reifier-3.19.0.jar:/Users/marlenaxynou/.m2/repository/org/apache/camel/camel-core-processor/3.19.0/camel-core-processor-3.19.0.jar:/Users/marlenaxynou/.m2/repository/org/apache/camel/camel-core-languages/3.19.0/camel-core-languages-3.19.0.jar:/Users/marlenaxynou/.m2/repository/org/apache/camel/camel-core-model/3.19.0/camel-core-model-3.19.0.jar:/Users/marlenaxynou/.m2/repository/org/apache/camel/camel-bean/3.19.0/camel-bean-3.19.0.jar:/Users/marlenaxynou/.m2/repository/org/apache/camel/camel-browse/3.19.0/camel-browse-3.19.0.jar:/Users/marlenaxynou/.m2/repository/org/apache/camel/camel-cluster/3.19.0/camel-cluster-3.19.0.jar:/Users/marlenaxynou/.m2/repository/org/apache/camel/camel-controlbus/3.19.0/camel-controlbus-3.19.0.jar:/Users/marlenaxynou/.m2/repository/org/apache/camel/camel-dataformat/3.19.0/camel-dataformat-3.19.0.jar:/Users/marlenaxynou/.m2/repository/org/apache/camel/camel-dataset/3.19.0/camel-dataset-3.19.0.jar:/Users/marlenaxynou/.m2/repository/org/apache/camel/camel-direct/3.19.0/camel-direct-3.19.0.jar:/Users/marlenaxynou/.m2/repository/org/apache/camel/camel-directvm/3.19.0/camel-directvm-3.19.0.jar:/Users/marlenaxynou/.m2/repository/org/apache/camel/camel-file/3.19.0/camel-file-3.19.0.jar:/Users/marlenaxynou/.m2/repository/org/apache/camel/camel-health/3.19.0/camel-health-3.19.0.jar:/Users/marlenaxynou/.m2/repository/org/apache/camel/camel-language/3.19.0/camel-language-3.19.0.jar:/Users/marlenaxynou/.m2/repository/org/apache/camel/camel-log/3.19.0/camel-log-3.19.0.jar:/Users/marlenaxynou/.m2/repository/org/apache/camel/camel-mock/3.19.0/camel-mock-3.19.0.jar:/Users/marlenaxynou/.m2/repository/org/apache/camel/camel-ref/3.19.0/camel-ref-3.19.0.jar:/Users/marlenaxynou/.m2/repository/org/apache/camel/camel-rest/3.19.0/camel-rest-3.19.0.jar:/Users/marlenaxynou/.m2/repository/org/apache/camel/camel-tooling-model/3.19.0/camel-tooling-model-3.19.0.jar:/Users/marlenaxynou/.m2/repository/org/apache/camel/camel-saga/3.19.0/camel-saga-3.19.0.jar:/Users/marlenaxynou/.m2/repository/org/apache/camel/camel-scheduler/3.19.0/camel-scheduler-3.19.0.jar:/Users/marlenaxynou/.m2/repository/org/apache/camel/camel-seda/3.19.0/camel-seda-3.19.0.jar:/Users/marlenaxynou/.m2/repository/org/apache/camel/camel-stub/3.19.0/camel-stub-3.19.0.jar:/Users/marlenaxynou/.m2/repository/org/apache/camel/camel-validator/3.19.0/camel-validator-3.19.0.jar:/Users/marlenaxynou/.m2/repository/org/apache/camel/camel-vm/3.19.0/camel-vm-3.19.0.jar:/Users/marlenaxynou/.m2/repository/org/apache/camel/camel-xpath/3.19.0/camel-xpath-3.19.0.jar:/Users/marlenaxynou/.m2/repository/org/apache/camel/camel-xslt/3.19.0/camel-xslt-3.19.0.jar:/Users/marlenaxynou/.m2/repository/org/apache/camel/camel-xml-jaxb/3.19.0/camel-xml-jaxb-3.19.0.jar:/Users/marlenaxynou/.m2/repository/jakarta/xml/bind/jakarta.xml.bind-api/2.3.3/jakarta.xml.bind-api-2.3.3.jar:/Users/marlenaxynou/.m2/repository/jakarta/activation/jakarta.activation-api/1.2.2/jakarta.activation-api-1.2.2.jar:/Users/marlenaxynou/.m2/repository/com/sun/xml/bind/jaxb-core/2.3.0/jaxb-core-2.3.0.jar:/Users/marlenaxynou/.m2/repository/com/sun/xml/bind/jaxb-impl/2.3.3/jaxb-impl-2.3.3.jar:/Users/marlenaxynou/.m2/repository/com/sun/activation/jakarta.activation/1.2.2/jakarta.activation-1.2.2.jar:/Users/marlenaxynou/.m2/repository/org/apache/camel/camel-xml-jaxp/3.19.0/camel-xml-jaxp-3.19.0.jar:/Users/marlenaxynou/.m2/repository/org/apache/camel/camel-xml-io-util/3.19.0/camel-xml-io-util-3.19.0.jar:/Users/marlenaxynou/.m2/repository/org/slf4j/slf4j-api/1.7.36/slf4j-api-1.7.36.jar:/Users/marlenaxynou/.m2/repository/org/apache/camel/camel-main/3.19.0/camel-main-3.19.0.jar:/Users/marlenaxynou/.m2/repository/org/apache/camel/camel-api/3.19.0/camel-api-3.19.0.jar:/Users/marlenaxynou/.m2/repository/org/apache/camel/camel-base/3.19.0/camel-base-3.19.0.jar:/Users/marlenaxynou/.m2/repository/org/apache/camel/camel-management-api/3.19.0/camel-management-api-3.19.0.jar:/Users/marlenaxynou/.m2/repository/org/apache/camel/camel-support/3.19.0/camel-support-3.19.0.jar:/Users/marlenaxynou/.m2/repository/org/apache/camel/camel-util/3.19.0/camel-util-3.19.0.jar:/Users/marlenaxynou/.m2/repository/org/apache/camel/camel-jms/3.19.0/camel-jms-3.19.0.jar:/Users/marlenaxynou/.m2/repository/org/apache/camel/camel-spring/3.19.0/camel-spring-3.19.0.jar:/Users/marlenaxynou/.m2/repository/org/springframework/spring-core/5.3.23/spring-core-5.3.23.jar:/Users/marlenaxynou/.m2/repository/org/springframework/spring-jcl/5.3.23/spring-jcl-5.3.23.jar:/Users/marlenaxynou/.m2/repository/org/springframework/spring-aop/5.3.23/spring-aop-5.3.23.jar:/Users/marlenaxynou/.m2/repository/org/springframework/spring-expression/5.3.23/spring-expression-5.3.23.jar:/Users/marlenaxynou/.m2/repository/org/springframework/spring-jms/5.3.23/spring-jms-5.3.23.jar:/Users/marlenaxynou/.m2/repository/org/springframework/spring-messaging/5.3.23/spring-messaging-5.3.23.jar:/Users/marlenaxynou/.m2/repository/org/springframework/spring-context/5.3.23/spring-context-5.3.23.jar:/Users/marlenaxynou/.m2/repository/org/springframework/spring-tx/5.3.23/spring-tx-5.3.23.jar:/Users/marlenaxynou/.m2/repository/org/springframework/spring-beans/5.3.23/spring-beans-5.3.23.jar:/Users/marlenaxynou/.m2/repository/org/apache/geronimo/specs/geronimo-jms_2.0_spec/1.0-alpha-2/geronimo-jms_2.0_spec-1.0-alpha-2.jar:/Users/marlenaxynou/.m2/repository/org/apache/camel/camel-timer/3.19.0/camel-timer-3.19.0.jar:/Users/marlenaxynou/.m2/repository/org/apache/activemq/artemis-jms-client/2.26.0/artemis-jms-client-2.26.0.jar:/Users/marlenaxynou/.m2/repository/org/apache/activemq/artemis-core-client/2.26.0/artemis-core-client-2.26.0.jar:/Users/marlenaxynou/.m2/repository/org/jgroups/jgroups/5.2.0.Final/jgroups-5.2.0.Final.jar:/Users/marlenaxynou/.m2/repository/io/netty/netty-transport-native-epoll/4.1.79.Final/netty-transport-native-epoll-4.1.79.Final-linux-x86_64.jar:/Users/marlenaxynou/.m2/repository/io/netty/netty-transport-native-unix-common/4.1.79.Final/netty-transport-native-unix-common-4.1.79.Final.jar:/Users/marlenaxynou/.m2/repository/io/netty/netty-transport-classes-epoll/4.1.79.Final/netty-transport-classes-epoll-4.1.79.Final.jar:/Users/marlenaxynou/.m2/repository/io/netty/netty-transport-native-kqueue/4.1.79.Final/netty-transport-native-kqueue-4.1.79.Final-osx-x86_64.jar:/Users/marlenaxynou/.m2/repository/io/netty/netty-transport-classes-kqueue/4.1.79.Final/netty-transport-classes-kqueue-4.1.79.Final.jar:/Users/marlenaxynou/.m2/repository/io/netty/netty-codec-http/4.1.79.Final/netty-codec-http-4.1.79.Final.jar:/Users/marlenaxynou/.m2/repository/io/netty/netty-buffer/4.1.79.Final/netty-buffer-4.1.79.Final.jar:/Users/marlenaxynou/.m2/repository/io/netty/netty-transport/4.1.79.Final/netty-transport-4.1.79.Final.jar:/Users/marlenaxynou/.m2/repository/io/netty/netty-resolver/4.1.79.Final/netty-resolver-4.1.79.Final.jar:/Users/marlenaxynou/.m2/repository/io/netty/netty-handler/4.1.79.Final/netty-handler-4.1.79.Final.jar:/Users/marlenaxynou/.m2/repository/io/netty/netty-handler-proxy/4.1.79.Final/netty-handler-proxy-4.1.79.Final.jar:/Users/marlenaxynou/.m2/repository/io/netty/netty-codec/4.1.79.Final/netty-codec-4.1.79.Final.jar:/Users/marlenaxynou/.m2/repository/io/netty/netty-codec-socks/4.1.79.Final/netty-codec-socks-4.1.79.Final.jar:/Users/marlenaxynou/.m2/repository/io/netty/netty-common/4.1.79.Final/netty-common-4.1.79.Final.jar:/Users/marlenaxynou/.m2/repository/org/apache/activemq/artemis-commons/2.26.0/artemis-commons-2.26.0.jar:/Users/marlenaxynou/.m2/repository/org/jboss/logging/jboss-logging/3.5.0.Final/jboss-logging-3.5.0.Final.jar:/Users/marlenaxynou/.m2/repository/commons-beanutils/commons-beanutils/1.9.4/commons-beanutils-1.9.4.jar:/Users/marlenaxynou/.m2/repository/commons-logging/commons-logging/1.2/commons-logging-1.2.jar:/Users/marlenaxynou/.m2/repository/commons-collections/commons-collections/3.2.2/commons-collections-3.2.2.jar:/Users/marlenaxynou/.m2/repository/org/apache/activemq/artemis-selector/2.26.0/artemis-selector-2.26.0.jar:/Users/marlenaxynou/.m2/repository/jakarta/jms/jakarta.jms-api/2.0.3/jakarta.jms-api-2.0.3.jar:/Users/marlenaxynou/.m2/repository/org/apache/logging/log4j/log4j-api/2.19.0/log4j-api-2.19.0.jar:/Users/marlenaxynou/.m2/repository/org/apache/logging/log4j/log4j-core/2.19.0/log4j-core-2.19.0.jar:/Users/marlenaxynou/.m2/repository/org/apache/logging/log4j/log4j-slf4j-impl/2.19.0/log4j-slf4j-impl-2.19.0.jar:/Users/marlenaxynou/.m2/repository/org/apache/logging/log4j/log4j-jul/2.19.0/log4j-jul-2.19.0.jar:/Users/marlenaxynou/.m2/repository/com/google/guava/guava/31.1-jre/guava-31.1-jre.jar:/Users/marlenaxynou/.m2/repository/com/google/guava/failureaccess/1.0.1/failureaccess-1.0.1.jar:/Users/marlenaxynou/.m2/repository/com/google/guava/listenablefuture/9999.0-empty-to-avoid-conflict-with-guava/listenablefuture-9999.0-empty-to-avoid-conflict-with-guava.jar:/Users/marlenaxynou/.m2/repository/com/google/code/findbugs/jsr305/3.0.2/jsr305-3.0.2.jar:/Users/marlenaxynou/.m2/repository/org/checkerframework/checker-qual/3.12.0/checker-qual-3.12.0.jar:/Users/marlenaxynou/.m2/repository/com/google/errorprone/error_prone_annotations/2.11.0/error_prone_annotations-2.11.0.jar:/Users/marlenaxynou/.m2/repository/com/google/j2objc/j2objc-annotations/1.3/j2objc-annotations-1.3.jar:/Users/marlenaxynou/.m2/repository/com/github/ben-manes/caffeine/caffeine/3.1.1/caffeine-3.1.1.jar:/Users/marlenaxynou/.m2/repository/org/apache/camel/camel-console/3.19.0/camel-console-3.19.0.jar:/Users/marlenaxynou/.m2/repository/org/apache/camel/camel-util-json/3.19.0/camel-util-json-3.19.0.jar:/Users/marlenaxynou/.m2/repository/org/apache/camel/camel-jackson/3.19.0/camel-jackson-3.19.0.jar:/Users/marlenaxynou/.m2/repository/com/fasterxml/jackson/core/jackson-databind/2.13.4/jackson-databind-2.13.4.jar:/Users/marlenaxynou/.m2/repository/com/fasterxml/jackson/core/jackson-annotations/2.13.4/jackson-annotations-2.13.4.jar:/Users/marlenaxynou/.m2/repository/com/fasterxml/jackson/core/jackson-core/2.13.4/jackson-core-2.13.4.jar:"/>
    <property name="sun.cpu.endian" value="little"/>
    <property name="user.home" value="/Users/marlenaxynou"/>
    <property name="user.language" value="en"/>
    <property name="java.specification.vendor" value="Oracle Corporation"/>
    <property name="java.version.date" value="2023-09-19"/>
    <property name="java.home" value="/opt/homebrew/Cellar/openjdk/21/libexec/openjdk.jdk/Contents/Home"/>
    <property name="file.separator" value="/"/>
    <property name="basedir" value="/Users/marlenaxynou/Desktop/L3_POO_DAME_DE_PIQUE"/>
    <property name="java.vm.compressedOopsMode" value="Zero based"/>
    <property name="line.separator" value="&#10;"/>
    <property name="java.specification.name" value="Java Platform API Specification"/>
    <property name="java.vm.specification.vendor" value="Oracle Corporation"/>
    <property name="apple.awt.application.name" value="ForkedBooter"/>
    <property name="surefire.real.class.path" value="/Users/marlenaxynou/Desktop/L3_POO_DAME_DE_PIQUE/target/surefire/surefirebooter8621931900994246163.jar"/>
    <property name="sun.management.compiler" value="HotSpot 64-Bit Tiered Compilers"/>
    <property name="java.runtime.version" value="21"/>
    <property name="user.name" value="marlenaxynou"/>
    <property name="stdout.encoding" value="UTF-8"/>
    <property name="path.separator" value=":"/>
    <property name="os.version" value="14.2.1"/>
    <property name="java.runtime.name" value="OpenJDK Runtime Environment"/>
    <property name="file.encoding" value="UTF-8"/>
    <property name="java.vm.name" value="OpenJDK 64-Bit Server VM"/>
    <property name="java.vendor.version" value="Homebrew"/>
    <property name="localRepository" value="/Users/marlenaxynou/.m2/repository"/>
    <property name="java.vendor.url.bug" value="https://github.com/Homebrew/homebrew-core/issues"/>
    <property name="java.io.tmpdir" value="/var/folders/41/5dfxchy97wlg6j_wg2hwp3dr0000gn/T/"/>
    <property name="java.version" value="21"/>
    <property name="user.dir" value="/Users/marlenaxynou/Desktop/L3_POO_DAME_DE_PIQUE"/>
    <property name="os.arch" value="aarch64"/>
    <property name="java.vm.specification.name" value="Java Virtual Machine Specification"/>
    <property name="native.encoding" value="UTF-8"/>
    <property name="java.library.path" value="/Users/marlenaxynou/Library/Java/Extensions:/Library/Java/Extensions:/Network/Library/Java/Extensions:/System/Library/Java/Extensions:/usr/lib/java:."/>
    <property name="java.vm.info" value="mixed mode, sharing"/>
    <property name="stderr.encoding" value="UTF-8"/>
    <property name="java.vendor" value="Homebrew"/>
    <property name="java.vm.version" value="21"/>
    <property name="sun.io.unicode.encoding" value="UnicodeBig"/>
    <property name="java.class.version" value="65.0"/>
  </properties>
  <testcase name="get1Cards" classname="fr.pantheonsorbonne.miage.game.RandomDeckTest" time="0.001"/>
  <testcase name="getCard" classname="fr.pantheonsorbonne.miage.game.RandomDeckTest" time="0.001"/>
  <testcase name="getnCards" classname="fr.pantheonsorbonne.miage.game.RandomDeckTest" time="0.002"/>
</testsuite>